<?xml version="1.0" encoding="UTF-8"?>
<robot generator="Robot 6.0.1 (Python 3.10.7 on win32)" generated="20230217 11:43:53.110" rpa="false" schemaversion="3">
<suite id="s1" name="Automatisation2" source="C:\Users\zouha\Desktop\Automatisation2">
<suite id="s1-s1" name="TestsCases" source="C:\Users\zouha\Desktop\Automatisation2\TestsCases">
<suite id="s1-s1-s1" name="TestCasesA" source="C:\Users\zouha\Desktop\Automatisation2\TestsCases\TestCasesA.robot">
<test id="s1-s1-s1-t1" name="Scénario C: nombre d’éléments recherchés2" line="20">
<kw name="Rechercher un element dans Ebay" library="Keywords">
<arg>Toy cars</arg>
<kw name="Given Open Browser" library="SeleniumLibrary">
<arg>${vURL}</arg>
<arg>${vBrowser}</arg>
<doc>Opens a new browser instance to the optional ``url``.</doc>
<msg timestamp="20230217 11:43:54.270" level="INFO">Opening browser 'chrome' to base url 'https://www.ebay.com/'.</msg>
<status status="PASS" starttime="20230217 11:43:54.256" endtime="20230217 11:43:58.817"/>
</kw>
<kw name="When Input Text" library="SeleniumLibrary">
<arg>${Inp_BarreRecherche}</arg>
<arg>${vTextRecherche}</arg>
<doc>Types the given ``text`` into the text field identified by ``locator``.</doc>
<msg timestamp="20230217 11:43:58.845" level="INFO">Typing text 'Toy cars' into text field '//input[@type='text']'.</msg>
<status status="PASS" starttime="20230217 11:43:58.828" endtime="20230217 11:44:00.667"/>
</kw>
<kw name="When Press Keys" library="SeleniumLibrary">
<arg>${Inp_BarreRecherche}</arg>
<arg>ENTER</arg>
<doc>Simulates the user pressing key(s) to an element or on the active browser.</doc>
<msg timestamp="20230217 11:44:00.693" level="INFO">Sending key(s) ('ENTER',) to //input[@type='text'] element.</msg>
<msg timestamp="20230217 11:44:03.758" level="INFO">Pressing special key ENTER to element.</msg>
<msg timestamp="20230217 11:44:03.760" level="INFO">Releasing special key ENTER.</msg>
<status status="PASS" starttime="20230217 11:44:00.678" endtime="20230217 11:44:06.657"/>
</kw>
<status status="PASS" starttime="20230217 11:43:54.254" endtime="20230217 11:44:06.664"/>
</kw>
<kw name="Capture du nombre de résultats de recherche" library="Keywords">
<var>${resultats}</var>
<kw name="Set Variable" library="BuiltIn">
<var>${xpath}</var>
<arg>//h1[contains(text(), "result")]/span</arg>
<doc>Returns the given values which can then be assigned to a variables.</doc>
<msg timestamp="20230217 11:44:06.672" level="INFO">${xpath} = //h1[contains(text(), "result")]/span</msg>
<status status="PASS" starttime="20230217 11:44:06.669" endtime="20230217 11:44:06.675"/>
</kw>
<kw name="Get Text" library="SeleniumLibrary">
<var>${resultats_text}</var>
<arg>xpath=${xpath}</arg>
<doc>Returns the text value of the element identified by ``locator``.</doc>
<msg timestamp="20230217 11:44:07.078" level="INFO">${resultats_text} = 510,000</msg>
<status status="PASS" starttime="20230217 11:44:06.676" endtime="20230217 11:44:07.078"/>
</kw>
<kw name="Set Variable" library="BuiltIn">
<var>${resultats}</var>
<arg>${resultats_text.split(' ')[0]}</arg>
<doc>Returns the given values which can then be assigned to a variables.</doc>
<msg timestamp="20230217 11:44:07.080" level="INFO">${resultats} = 510,000</msg>
<status status="PASS" starttime="20230217 11:44:07.079" endtime="20230217 11:44:07.082"/>
</kw>
<msg timestamp="20230217 11:44:07.083" level="INFO">${resultats} = 510,000</msg>
<status status="PASS" starttime="20230217 11:44:06.668" endtime="20230217 11:44:07.084"/>
</kw>
<kw name="Log To Console" library="BuiltIn">
<arg>Le nombre de résultats de recherche est : ${resultats}</arg>
<doc>Logs the given message to the console.</doc>
<status status="PASS" starttime="20230217 11:44:07.088" endtime="20230217 11:44:07.093"/>
</kw>
<kw name="Close All Browsers" library="SeleniumLibrary" type="TEARDOWN">
<doc>Closes all open browsers and resets the browser cache.</doc>
<status status="PASS" starttime="20230217 11:44:07.094" endtime="20230217 11:44:09.436"/>
</kw>
<status status="PASS" starttime="20230217 11:43:54.249" endtime="20230217 11:44:09.438"/>
</test>
<doc>Fichiers de scripts pour le module RQ3 : Sites.</doc>
<status status="PASS" starttime="20230217 11:43:53.203" endtime="20230217 11:44:09.441"/>
</suite>
<status status="PASS" starttime="20230217 11:43:53.195" endtime="20230217 11:44:09.446"/>
</suite>
<status status="PASS" starttime="20230217 11:43:53.118" endtime="20230217 11:44:09.452"/>
</suite>
<statistics>
<total>
<stat pass="1" fail="0" skip="0">All Tests</stat>
</total>
<tag>
</tag>
<suite>
<stat pass="1" fail="0" skip="0" id="s1" name="Automatisation2">Automatisation2</stat>
<stat pass="1" fail="0" skip="0" id="s1-s1" name="TestsCases">Automatisation2.TestsCases</stat>
<stat pass="1" fail="0" skip="0" id="s1-s1-s1" name="TestCasesA">Automatisation2.TestsCases.TestCasesA</stat>
</suite>
</statistics>
<errors>
</errors>
</robot>
